<?xml version="1.0" encoding="UTF-8"?>
<testsuite name="org.springframework.boot.build.bom.bomr.InteractiveUpgradeResolverTests" tests="1" skipped="0" failures="0" errors="0" timestamp="2025-01-25T03:28:46" hostname="fv-az1912-54" time="1.018">
  <properties/>
  <testcase name="resolveUpgradeUpdateVersionNumberInLibrary()" classname="org.springframework.boot.build.bom.bomr.InteractiveUpgradeResolverTests" time="1.018"/>
  <system-out><![CDATA[]]></system-out>
  <system-err><![CDATA[]]></system-err>
</testsuite>
