<?xml version="1.0" encoding="UTF-8"?>
<testsuite name="org.springframework.boot.build.context.properties.ConfigurationPropertiesTests" tests="1" skipped="0" failures="0" errors="0" timestamp="2025-01-25T03:28:48" hostname="fv-az1912-54" time="0.006">
  <properties/>
  <testcase name="whenJsonHasAnIntegerDefaultValueThenItRemainsAnIntegerWhenRead()" classname="org.springframework.boot.build.context.properties.ConfigurationPropertiesTests" time="0.006"/>
  <system-out><![CDATA[]]></system-out>
  <system-err><![CDATA[]]></system-err>
</testsuite>
