<?xml version="1.0" encoding="UTF-8"?>
<testsuite name="org.springframework.boot.build.bom.bomr.UpgradeApplicatorTests" tests="2" skipped="0" failures="0" errors="0" timestamp="2025-01-25T03:28:48" hostname="fv-az1912-54" time="0.01">
  <properties/>
  <testcase name="whenUpgradeIsAppliedToLibraryWithVersionThenBomIsUpdated()" classname="org.springframework.boot.build.bom.bomr.UpgradeApplicatorTests" time="0.007"/>
  <testcase name="whenUpgradeIsAppliedToLibraryWithVersionPropertyThenGradlePropertiesIsUpdated()" classname="org.springframework.boot.build.bom.bomr.UpgradeApplicatorTests" time="0.003"/>
  <system-out><![CDATA[]]></system-out>
  <system-err><![CDATA[]]></system-err>
</testsuite>
