<?xml version="1.0" encoding="UTF-8"?>
<testsuite name="org.springframework.boot.build.bom.bomr.version.DependencyVersionUpgradeTests" tests="63" skipped="0" failures="0" errors="0" timestamp="2025-01-25T03:28:48" hostname="fv-az1912-54" time="0.135">
  <properties/>
  <testcase name="[1] 1.2.3, 1.2.3-SNAPSHOT" classname="org.springframework.boot.build.bom.bomr.version.DependencyVersionUpgradeTests" time="0.005"/>
  <testcase name="[2] 1.2.3.RELEASE, 1.2.3.BUILD-SNAPSHOT" classname="org.springframework.boot.build.bom.bomr.version.DependencyVersionUpgradeTests" time="0.001"/>
  <testcase name="[3] Kay-RELEASE, Kay-BUILD-SNAPSHOT" classname="org.springframework.boot.build.bom.bomr.version.DependencyVersionUpgradeTests" time="0.0"/>
  <testcase name="[4] 2023.0.0, 2023.0.0-SNAPSHOT" classname="org.springframework.boot.build.bom.bomr.version.DependencyVersionUpgradeTests" time="0.0"/>
  <testcase name="[1] 1.2.3, 1.2.4" classname="org.springframework.boot.build.bom.bomr.version.DependencyVersionUpgradeTests" time="0.003"/>
  <testcase name="[2] 1.2.3.RELEASE, 1.2.4.RELEASE" classname="org.springframework.boot.build.bom.bomr.version.DependencyVersionUpgradeTests" time="0.0"/>
  <testcase name="[3] Kay-RELEASE, Kay-SR1" classname="org.springframework.boot.build.bom.bomr.version.DependencyVersionUpgradeTests" time="0.0"/>
  <testcase name="[4] 2023.0.0, 2023.0.1" classname="org.springframework.boot.build.bom.bomr.version.DependencyVersionUpgradeTests" time="0.004"/>
  <testcase name="[1] 1.2.3, 1.2.3-SNAPSHOT" classname="org.springframework.boot.build.bom.bomr.version.DependencyVersionUpgradeTests" time="0.001"/>
  <testcase name="[2] 1.2.3.RELEASE, 1.2.3.BUILD-SNAPSHOT" classname="org.springframework.boot.build.bom.bomr.version.DependencyVersionUpgradeTests" time="0.0"/>
  <testcase name="[3] 2023.0.0, 2023.0.0-SNAPSHOT" classname="org.springframework.boot.build.bom.bomr.version.DependencyVersionUpgradeTests" time="0.001"/>
  <testcase name="[1] 1.2.3, 1.2.3" classname="org.springframework.boot.build.bom.bomr.version.DependencyVersionUpgradeTests" time="0.001"/>
  <testcase name="[2] 1.2.3.RELEASE, 1.2.3.RELEASE" classname="org.springframework.boot.build.bom.bomr.version.DependencyVersionUpgradeTests" time="0.0"/>
  <testcase name="[3] Kay-RELEASE, Kay-RELEASE" classname="org.springframework.boot.build.bom.bomr.version.DependencyVersionUpgradeTests" time="0.0"/>
  <testcase name="[4] 2023.0.0, 2023.0.0" classname="org.springframework.boot.build.bom.bomr.version.DependencyVersionUpgradeTests" time="0.0"/>
  <testcase name="[1] 1.2.3-RC1, 1.2.3-SNAPSHOT" classname="org.springframework.boot.build.bom.bomr.version.DependencyVersionUpgradeTests" time="0.0"/>
  <testcase name="[2] 1.2.3.RC1, 1.2.3.BUILD-SNAPSHOT" classname="org.springframework.boot.build.bom.bomr.version.DependencyVersionUpgradeTests" time="0.0"/>
  <testcase name="[3] Kay-RC1, Kay-BUILD-SNAPSHOT" classname="org.springframework.boot.build.bom.bomr.version.DependencyVersionUpgradeTests" time="0.002"/>
  <testcase name="[4] 2023.0.0-RC1, 2023.0.0-SNAPSHOT" classname="org.springframework.boot.build.bom.bomr.version.DependencyVersionUpgradeTests" time="0.003"/>
  <testcase name="[1] 1.2.3-SNAPSHOT, 1.2.3-SNAPSHOT" classname="org.springframework.boot.build.bom.bomr.version.DependencyVersionUpgradeTests" time="0.001"/>
  <testcase name="[2] 1.2.3.BUILD-SNAPSHOT, 1.2.3.BUILD-SNAPSHOT" classname="org.springframework.boot.build.bom.bomr.version.DependencyVersionUpgradeTests" time="0.001"/>
  <testcase name="[3] Kay-BUILD-SNAPSHOT, Kay-BUILD-SNAPSHOT" classname="org.springframework.boot.build.bom.bomr.version.DependencyVersionUpgradeTests" time="0.001"/>
  <testcase name="[4] 2023.0.0-SNAPSHOT, 2023.0.0-SNAPSHOT" classname="org.springframework.boot.build.bom.bomr.version.DependencyVersionUpgradeTests" time="0.0"/>
  <testcase name="[1] 1.2.3, 1.2.4-SNAPSHOT" classname="org.springframework.boot.build.bom.bomr.version.DependencyVersionUpgradeTests" time="0.001"/>
  <testcase name="[2] 1.2.3.RELEASE, 1.2.4.BUILD-SNAPSHOT" classname="org.springframework.boot.build.bom.bomr.version.DependencyVersionUpgradeTests" time="0.001"/>
  <testcase name="[3] Kay-RELEASE, Kay-BUILD-SNAPSHOT" classname="org.springframework.boot.build.bom.bomr.version.DependencyVersionUpgradeTests" time="0.002"/>
  <testcase name="[4] 2023.0.0, 2023.0.1-SNAPSHOT" classname="org.springframework.boot.build.bom.bomr.version.DependencyVersionUpgradeTests" time="0.001"/>
  <testcase name="[1] 1.2.3-M1, 1.2.3-SNAPSHOT" classname="org.springframework.boot.build.bom.bomr.version.DependencyVersionUpgradeTests" time="0.0"/>
  <testcase name="[2] 1.2.3.M1, 1.2.3.BUILD-SNAPSHOT" classname="org.springframework.boot.build.bom.bomr.version.DependencyVersionUpgradeTests" time="0.001"/>
  <testcase name="[3] Kay-M1, Kay-BUILD-SNAPSHOT" classname="org.springframework.boot.build.bom.bomr.version.DependencyVersionUpgradeTests" time="0.001"/>
  <testcase name="[4] 2023.0.0-M1, 2023.0.0-SNAPSHOT" classname="org.springframework.boot.build.bom.bomr.version.DependencyVersionUpgradeTests" time="0.002"/>
  <testcase name="[1] 1.2.3-SNAPSHOT, 1.2.3-SNAPSHOT" classname="org.springframework.boot.build.bom.bomr.version.DependencyVersionUpgradeTests" time="0.0"/>
  <testcase name="[2] 1.2.3.BUILD-SNAPSHOT, 1.2.3.BUILD-SNAPSHOT" classname="org.springframework.boot.build.bom.bomr.version.DependencyVersionUpgradeTests" time="0.001"/>
  <testcase name="[3] Kay-BUILD-SNAPSHOT, Kay-BUILD-SNAPSHOT" classname="org.springframework.boot.build.bom.bomr.version.DependencyVersionUpgradeTests" time="0.001"/>
  <testcase name="[4] 2023.0.0-SNAPSHOT, 2023.0.0-SNAPSHOT" classname="org.springframework.boot.build.bom.bomr.version.DependencyVersionUpgradeTests" time="0.0"/>
  <testcase name="[1] 1.2.3, 1.2.4-SNAPSHOT" classname="org.springframework.boot.build.bom.bomr.version.DependencyVersionUpgradeTests" time="0.0"/>
  <testcase name="[2] 1.2.3.RELEASE, 1.2.4.BUILD-SNAPSHOT" classname="org.springframework.boot.build.bom.bomr.version.DependencyVersionUpgradeTests" time="0.0"/>
  <testcase name="[3] 2023.0.0, 2023.0.1-SNAPSHOT" classname="org.springframework.boot.build.bom.bomr.version.DependencyVersionUpgradeTests" time="0.001"/>
  <testcase name="[1] 1.2.3-RC1, 1.2.3-SNAPSHOT" classname="org.springframework.boot.build.bom.bomr.version.DependencyVersionUpgradeTests" time="0.0"/>
  <testcase name="[2] 1.2.3.RC1, 1.2.3.BUILD-SNAPSHOT" classname="org.springframework.boot.build.bom.bomr.version.DependencyVersionUpgradeTests" time="0.0"/>
  <testcase name="[3] Kay-RC1, Kay-BUILD-SNAPSHOT" classname="org.springframework.boot.build.bom.bomr.version.DependencyVersionUpgradeTests" time="0.001"/>
  <testcase name="[4] 2023.0.0-RC1, 2023.0.0-SNAPSHOT" classname="org.springframework.boot.build.bom.bomr.version.DependencyVersionUpgradeTests" time="0.0"/>
  <testcase name="[1] 1.2.3, 1.2.3-SNAPSHOT" classname="org.springframework.boot.build.bom.bomr.version.DependencyVersionUpgradeTests" time="0.002"/>
  <testcase name="[2] 1.2.3.RELEASE, 1.2.3.BUILD-SNAPSHOT" classname="org.springframework.boot.build.bom.bomr.version.DependencyVersionUpgradeTests" time="0.0"/>
  <testcase name="[3] Kay-RELEASE, Kay-BUILD-SNAPSHOT" classname="org.springframework.boot.build.bom.bomr.version.DependencyVersionUpgradeTests" time="0.0"/>
  <testcase name="[4] 2023.0.0, 2023.0.0-SNAPSHOT" classname="org.springframework.boot.build.bom.bomr.version.DependencyVersionUpgradeTests" time="0.0"/>
  <testcase name="[1] Kay-RELEASE, Kay-BUILD-SNAPSHOT" classname="org.springframework.boot.build.bom.bomr.version.DependencyVersionUpgradeTests" time="0.001"/>
  <testcase name="[1] 1.2.3-M1, 1.2.3-SNAPSHOT" classname="org.springframework.boot.build.bom.bomr.version.DependencyVersionUpgradeTests" time="0.002"/>
  <testcase name="[2] 1.2.3.M1, 1.2.3.BUILD-SNAPSHOT" classname="org.springframework.boot.build.bom.bomr.version.DependencyVersionUpgradeTests" time="0.0"/>
  <testcase name="[3] Kay-M1, Kay-BUILD-SNAPSHOT" classname="org.springframework.boot.build.bom.bomr.version.DependencyVersionUpgradeTests" time="0.0"/>
  <testcase name="[4] 2023.0.0-M1, 2023.0.0-SNAPSHOT" classname="org.springframework.boot.build.bom.bomr.version.DependencyVersionUpgradeTests" time="0.0"/>
  <testcase name="[1] 1.2.3-SNAPSHOT, 1.2.3-M2" classname="org.springframework.boot.build.bom.bomr.version.DependencyVersionUpgradeTests" time="0.001"/>
  <testcase name="[2] 1.2.3.BUILD-SNAPSHOT, 1.2.3.M2" classname="org.springframework.boot.build.bom.bomr.version.DependencyVersionUpgradeTests" time="0.0"/>
  <testcase name="[3] Kay-BUILD-SNAPSHOT, Kay-M2" classname="org.springframework.boot.build.bom.bomr.version.DependencyVersionUpgradeTests" time="0.0"/>
  <testcase name="[4] 2023.0.0-SNAPSHOT, 2023.0.0-M2" classname="org.springframework.boot.build.bom.bomr.version.DependencyVersionUpgradeTests" time="0.0"/>
  <testcase name="[1] 1.2.3-SNAPSHOT, 1.2.3" classname="org.springframework.boot.build.bom.bomr.version.DependencyVersionUpgradeTests" time="0.0"/>
  <testcase name="[2] 1.2.3.BUILD-SNAPSHOT, 1.2.3.RELEASE" classname="org.springframework.boot.build.bom.bomr.version.DependencyVersionUpgradeTests" time="0.0"/>
  <testcase name="[3] Kay-BUILD-SNAPSHOT, Kay-RELEASE" classname="org.springframework.boot.build.bom.bomr.version.DependencyVersionUpgradeTests" time="0.0"/>
  <testcase name="[4] 2023.0.0-SNAPSHOT, 2023.0.0" classname="org.springframework.boot.build.bom.bomr.version.DependencyVersionUpgradeTests" time="0.0"/>
  <testcase name="[1] 1.2.3-SNAPSHOT, 1.2.3-RC1" classname="org.springframework.boot.build.bom.bomr.version.DependencyVersionUpgradeTests" time="0.001"/>
  <testcase name="[2] 1.2.3.BUILD-SNAPSHOT, 1.2.3.RC1" classname="org.springframework.boot.build.bom.bomr.version.DependencyVersionUpgradeTests" time="0.001"/>
  <testcase name="[3] Kay-BUILD-SNAPSHOT, Kay-RC1" classname="org.springframework.boot.build.bom.bomr.version.DependencyVersionUpgradeTests" time="0.0"/>
  <testcase name="[4] 2023.0.0-SNAPSHOT, 2023.0.0-RC1" classname="org.springframework.boot.build.bom.bomr.version.DependencyVersionUpgradeTests" time="0.0"/>
  <system-out><![CDATA[]]></system-out>
  <system-err><![CDATA[]]></system-err>
</testsuite>
