<?xml version="1.0" encoding="UTF-8"?>
<testsuite name="org.springframework.boot.build.groovyscripts.SpringRepositoriesExtensionTests" tests="11" skipped="0" failures="0" errors="0" timestamp="2025-01-25T03:28:49" hostname="fv-az1912-54" time="0.581">
  <properties/>
  <testcase name="mavenRepositoriesWhenNotCommercialRelease()" classname="org.springframework.boot.build.groovyscripts.SpringRepositoriesExtensionTests" time="0.291"/>
  <testcase name="mavenRepositoriesWhenNotCommercialMilestone()" classname="org.springframework.boot.build.groovyscripts.SpringRepositoriesExtensionTests" time="0.144"/>
  <testcase name="mavenRepositoriesWhenRepositoryEnvironmentVariables()" classname="org.springframework.boot.build.groovyscripts.SpringRepositoriesExtensionTests" time="0.056"/>
  <testcase name="mavenRepositoriesWithRepositorySpecificEnvironmentVariables()" classname="org.springframework.boot.build.groovyscripts.SpringRepositoriesExtensionTests" time="0.008"/>
  <testcase name="mavenRepositoriesWhenConditionDoesNotMatch()" classname="org.springframework.boot.build.groovyscripts.SpringRepositoriesExtensionTests" time="0.0"/>
  <testcase name="mavenRepositoriesWhenCommercialRelease()" classname="org.springframework.boot.build.groovyscripts.SpringRepositoriesExtensionTests" time="0.003"/>
  <testcase name="mavenRepositoriesWhenNotCommercialSnapshot()" classname="org.springframework.boot.build.groovyscripts.SpringRepositoriesExtensionTests" time="0.003"/>
  <testcase name="mavenRepositoriesWhenConditionMatches()" classname="org.springframework.boot.build.groovyscripts.SpringRepositoriesExtensionTests" time="0.003"/>
  <testcase name="mavenRepositoriesWhenCommercialSnapshot()" classname="org.springframework.boot.build.groovyscripts.SpringRepositoriesExtensionTests" time="0.007"/>
  <testcase name="mavenRepositoriesWhenCommercialMilestone()" classname="org.springframework.boot.build.groovyscripts.SpringRepositoriesExtensionTests" time="0.003"/>
  <testcase name="mavenRepositoriesExcludingBootGroup()" classname="org.springframework.boot.build.groovyscripts.SpringRepositoriesExtensionTests" time="0.057"/>
  <system-out><![CDATA[]]></system-out>
  <system-err><![CDATA[]]></system-err>
</testsuite>
