<?xml version="1.0" encoding="UTF-8"?>
<testsuite name="org.springframework.boot.build.testing.TestFailuresPluginIntegrationTests" tests="4" skipped="0" failures="0" errors="0" timestamp="2025-01-25T03:28:54" hostname="fv-az1912-54" time="15.413">
  <properties/>
  <testcase name="multiProjectParallel()" classname="org.springframework.boot.build.testing.TestFailuresPluginIntegrationTests" time="9.83"/>
  <testcase name="multiProjectContinue()" classname="org.springframework.boot.build.testing.TestFailuresPluginIntegrationTests" time="3.231"/>
  <testcase name="singleProject()" classname="org.springframework.boot.build.testing.TestFailuresPluginIntegrationTests" time="1.119"/>
  <testcase name="multiProject()" classname="org.springframework.boot.build.testing.TestFailuresPluginIntegrationTests" time="1.231"/>
  <system-out><![CDATA[]]></system-out>
  <system-err><![CDATA[]]></system-err>
</testsuite>
