<?xml version="1.0" encoding="UTF-8"?>
<testsuite name="org.springframework.boot.build.optional.OptionalDependenciesPluginIntegrationTests" tests="5" skipped="0" failures="0" errors="0" timestamp="2025-01-25T03:28:50" hostname="fv-az1912-54" time="4.275">
  <properties/>
  <testcase name="optionalDependenciesAreAddedToMainSourceSetsRuntimeClasspath()" classname="org.springframework.boot.build.optional.OptionalDependenciesPluginIntegrationTests" time="1.919"/>
  <testcase name="optionalConfigurationIsCreated()" classname="org.springframework.boot.build.optional.OptionalDependenciesPluginIntegrationTests" time="0.675"/>
  <testcase name="optionalDependenciesAreAddedToTestSourceSetsRuntimeClasspath()" classname="org.springframework.boot.build.optional.OptionalDependenciesPluginIntegrationTests" time="0.633"/>
  <testcase name="optionalDependenciesAreAddedToMainSourceSetsCompileClasspath()" classname="org.springframework.boot.build.optional.OptionalDependenciesPluginIntegrationTests" time="0.524"/>
  <testcase name="optionalDependenciesAreAddedToTestSourceSetsCompileClasspath()" classname="org.springframework.boot.build.optional.OptionalDependenciesPluginIntegrationTests" time="0.522"/>
  <system-out><![CDATA[]]></system-out>
  <system-err><![CDATA[]]></system-err>
</testsuite>
