<?xml version="1.0" encoding="UTF-8"?>
<testsuite name="org.springframework.boot.build.bom.bomr.ReleaseScheduleTests" tests="1" skipped="0" failures="0" errors="0" timestamp="2025-01-25T03:28:48" hostname="fv-az1912-54" time="0.136">
  <properties/>
  <testcase name="releasesBetween()" classname="org.springframework.boot.build.bom.bomr.ReleaseScheduleTests" time="0.136"/>
  <system-out><![CDATA[]]></system-out>
  <system-err><![CDATA[]]></system-err>
</testsuite>
