<?xml version="1.0" encoding="UTF-8"?>
<testsuite name="org.springframework.boot.build.context.properties.SingleRowTests" tests="7" skipped="0" failures="0" errors="0" timestamp="2025-01-25T03:28:48" hostname="fv-az1912-54" time="0.013">
  <properties/>
  <testcase name="mapProperty()" classname="org.springframework.boot.build.context.properties.SingleRowTests" time="0.001"/>
  <testcase name="defaultValueWithBackslash()" classname="org.springframework.boot.build.context.properties.SingleRowTests" time="0.0"/>
  <testcase name="listProperty()" classname="org.springframework.boot.build.context.properties.SingleRowTests" time="0.007"/>
  <testcase name="simpleProperty()" classname="org.springframework.boot.build.context.properties.SingleRowTests" time="0.001"/>
  <testcase name="defaultValueWithPipes()" classname="org.springframework.boot.build.context.properties.SingleRowTests" time="0.001"/>
  <testcase name="descriptionWithPipe()" classname="org.springframework.boot.build.context.properties.SingleRowTests" time="0.001"/>
  <testcase name="noDefaultValue()" classname="org.springframework.boot.build.context.properties.SingleRowTests" time="0.001"/>
  <system-out><![CDATA[]]></system-out>
  <system-err><![CDATA[]]></system-err>
</testsuite>
