<?xml version="1.0" encoding="UTF-8"?>
<testsuite name="org.springframework.boot.build.antora.GenerateAntoraPlaybookTests" tests="2" skipped="0" failures="0" errors="0" timestamp="2025-01-25T03:28:27" hostname="fv-az1912-54" time="1.36">
  <properties/>
  <testcase name="writePlaybookWhenHasJavadocExcludeGeneratesExpectedContent()" classname="org.springframework.boot.build.antora.GenerateAntoraPlaybookTests" time="1.328"/>
  <testcase name="writePlaybookGeneratesExpectedContent()" classname="org.springframework.boot.build.antora.GenerateAntoraPlaybookTests" time="0.03"/>
  <system-out><![CDATA[]]></system-out>
  <system-err><![CDATA[]]></system-err>
</testsuite>
