<?xml version="1.0" encoding="UTF-8"?>
<testsuite name="org.springframework.boot.build.bom.LibraryTests" tests="4" skipped="0" failures="0" errors="0" timestamp="2025-01-25T03:28:46" hostname="fv-az1912-54" time="0.004">
  <properties/>
  <testcase name="toMajorMinorGenerationWithRelease()" classname="org.springframework.boot.build.bom.LibraryTests" time="0.001"/>
  <testcase name="toMajorMinorGenerationWithSnapshot()" classname="org.springframework.boot.build.bom.LibraryTests" time="0.001"/>
  <testcase name="getLinkRootNameWhenSpecified()" classname="org.springframework.boot.build.bom.LibraryTests" time="0.0"/>
  <testcase name="getLinkRootNameWhenNoneSpecified()" classname="org.springframework.boot.build.bom.LibraryTests" time="0.001"/>
  <system-out><![CDATA[]]></system-out>
  <system-err><![CDATA[]]></system-err>
</testsuite>
