<?xml version="1.0" encoding="UTF-8"?>
<testsuite name="org.springframework.boot.build.bom.bomr.version.MultipleComponentsDependencyVersionTests" tests="4" skipped="0" failures="0" errors="0" timestamp="2025-01-25T03:28:48" hostname="fv-az1912-54" time="0.003">
  <properties/>
  <testcase name="isSameMajorOfFiveComponentVersionWithDifferentMajorShouldReturnFalse()" classname="org.springframework.boot.build.bom.bomr.version.MultipleComponentsDependencyVersionTests" time="0.0"/>
  <testcase name="isSameMajorOfFiveComponentVersionWithSameMajorShouldReturnTrue()" classname="org.springframework.boot.build.bom.bomr.version.MultipleComponentsDependencyVersionTests" time="0.001"/>
  <testcase name="isSameMinorOfFiveComponentVersionWithSameMinorShouldReturnTrue()" classname="org.springframework.boot.build.bom.bomr.version.MultipleComponentsDependencyVersionTests" time="0.0"/>
  <testcase name="isSameMinorOfFiveComponentVersionWithDifferentMinorShouldReturnFalse()" classname="org.springframework.boot.build.bom.bomr.version.MultipleComponentsDependencyVersionTests" time="0.001"/>
  <system-out><![CDATA[]]></system-out>
  <system-err><![CDATA[]]></system-err>
</testsuite>
