<?xml version="1.0" encoding="UTF-8"?>
<testsuite name="org.springframework.boot.build.bom.bomr.UpgradeTests" tests="2" skipped="0" failures="0" errors="0" timestamp="2025-01-25T03:28:48" hostname="fv-az1912-54" time="0.002">
  <properties/>
  <testcase name="createToRelease()" classname="org.springframework.boot.build.bom.bomr.UpgradeTests" time="0.001"/>
  <testcase name="createToSnapshot()" classname="org.springframework.boot.build.bom.bomr.UpgradeTests" time="0.001"/>
  <system-out><![CDATA[]]></system-out>
  <system-err><![CDATA[]]></system-err>
</testsuite>
