<?xml version="1.0" encoding="UTF-8"?>
<testsuite name="org.springframework.boot.build.bom.bomr.version.DependencyVersionTests" tests="8" skipped="0" failures="0" errors="0" timestamp="2025-01-25T03:28:48" hostname="fv-az1912-54" time="0.013">
  <properties/>
  <testcase name="parseWhenMavenLikeVersionWithNumericQualifierShouldReturnNumericQualifierDependencyVersion()" classname="org.springframework.boot.build.bom.bomr.version.DependencyVersionTests" time="0.003"/>
  <testcase name="parseWhenVersionWithLeadingZeroesShouldReturnLeadingZeroesDependencyVersion()" classname="org.springframework.boot.build.bom.bomr.version.DependencyVersionTests" time="0.001"/>
  <testcase name="parseWhen5ComponentsShouldReturnNumericQualifierDependencyVersion()" classname="org.springframework.boot.build.bom.bomr.version.DependencyVersionTests" time="0.0"/>
  <testcase name="parseWhenCalendarVersionWithModifierShouldReturnArtifactVersionDependencyVersion()" classname="org.springframework.boot.build.bom.bomr.version.DependencyVersionTests" time="0.0"/>
  <testcase name="parseWhenCalendarVersionShouldReturnArtifactVersionDependencyVersion()" classname="org.springframework.boot.build.bom.bomr.version.DependencyVersionTests" time="0.003"/>
  <testcase name="parseWhenValidMavenVersionShouldReturnArtifactVersionDependencyVersion()" classname="org.springframework.boot.build.bom.bomr.version.DependencyVersionTests" time="0.0"/>
  <testcase name="parseWhenReleaseTrainShouldReturnReleaseTrainDependencyVersion()" classname="org.springframework.boot.build.bom.bomr.version.DependencyVersionTests" time="0.001"/>
  <testcase name="parseWhenVersionWithCombinedPatchAndQualifierShouldReturnCombinedPatchAndQualifierDependencyVersion()" classname="org.springframework.boot.build.bom.bomr.version.DependencyVersionTests" time="0.001"/>
  <system-out><![CDATA[]]></system-out>
  <system-err><![CDATA[]]></system-err>
</testsuite>
